# JRE version: Java(TM) SE Runtime Environment (8.0_172-b11) (build 1.8.0_172-b11)
# Java VM: Java HotSpot(TM) 64-Bit Server VM (25.172-b11 mixed mode windows-amd64 compressed oops)
Heap:
 PSYoungGen      total 137728K, used 62712K [0x000000076b180000, 0x0000000776580000, 0x00000007c0000000)
  eden space 126976K, 40% used [0x000000076b180000,0x000000076e4436e0,0x0000000772d80000)
  from space 10752K, 99% used [0x0000000772d80000,0x00000007737fabe0,0x0000000773800000)
  to   space 12800K, 0% used [0x0000000775900000,0x0000000775900000,0x0000000776580000)
 ParOldGen       total 103424K, used 10942K [0x00000006c1400000, 0x00000006c7900000, 0x000000076b180000)
  object space 103424K, 10% used [0x00000006c1400000,0x00000006c1eaf818,0x00000006c7900000)
 Metaspace       used 34404K, capacity 35410K, committed 35456K, reserved 1079296K
  class space    used 4480K, capacity 4707K, committed 4736K, reserved 1048576K
GC Heap History (10 events):
Event: 2.791 GC heap before
{Heap before GC invocations=2 (full 0):
 PSYoungGen      total 76288K, used 72174K [0x000000076b180000, 0x0000000770680000, 0x00000007c0000000)
  eden space 65536K, 100% used [0x000000076b180000,0x000000076f180000,0x000000076f180000)
  from space 10752K, 61% used [0x000000076f180000,0x000000076f7fb9c8,0x000000076fc00000)
  to   space 10752K, 0% used [0x000000076fc00000,0x000000076fc00000,0x0000000770680000)
 ParOldGen       total 175104K, used 16K [0x00000006c1400000, 0x00000006cbf00000, 0x000000076b180000)
  object space 175104K, 0% used [0x00000006c1400000,0x00000006c1404000,0x00000006cbf00000)
 Metaspace       used 16325K, capacity 16870K, committed 17024K, reserved 1064960K
  class space    used 2188K, capacity 2343K, committed 2432K, reserved 1048576K
Event: 2.801 GC heap after
Heap after GC invocations=2 (full 0):
 PSYoungGen      total 76288K, used 7486K [0x000000076b180000, 0x0000000770680000, 0x00000007c0000000)
  eden space 65536K, 0% used [0x000000076b180000,0x000000076b180000,0x000000076f180000)
  from space 10752K, 69% used [0x000000076fc00000,0x000000077034f8a8,0x0000000770680000)
  to   space 10752K, 0% used [0x000000076f180000,0x000000076f180000,0x000000076fc00000)
 ParOldGen       total 175104K, used 24K [0x00000006c1400000, 0x00000006cbf00000, 0x000000076b180000)
  object space 175104K, 0% used [0x00000006c1400000,0x00000006c1406000,0x00000006cbf00000)
 Metaspace       used 16325K, capacity 16870K, committed 17024K, reserved 1064960K
  class space    used 2188K, capacity 2343K, committed 2432K, reserved 1048576K
}
Event: 3.186 GC heap before
{Heap before GC invocations=3 (full 0):
 PSYoungGen      total 76288K, used 56106K [0x000000076b180000, 0x0000000770680000, 0x00000007c0000000)
  eden space 65536K, 74% used [0x000000076b180000,0x000000076e0fb080,0x000000076f180000)
  from space 10752K, 69% used [0x000000076fc00000,0x000000077034f8a8,0x0000000770680000)
  to   space 10752K, 0% used [0x000000076f180000,0x000000076f180000,0x000000076fc00000)
 ParOldGen       total 175104K, used 24K [0x00000006c1400000, 0x00000006cbf00000, 0x000000076b180000)
  object space 175104K, 0% used [0x00000006c1400000,0x00000006c1406000,0x00000006cbf00000)
 Metaspace       used 20558K, capacity 21186K, committed 21296K, reserved 1067008K
  class space    used 2745K, capacity 2893K, committed 2944K, reserved 1048576K
Event: 3.198 GC heap after
Heap after GC invocations=3 (full 0):
 PSYoungGen      total 76288K, used 8767K [0x000000076b180000, 0x0000000774680000, 0x00000007c0000000)
  eden space 65536K, 0% used [0x000000076b180000,0x000000076b180000,0x000000076f180000)
  from space 10752K, 81% used [0x000000076f180000,0x000000076fa0fde8,0x000000076fc00000)
  to   space 10752K, 0% used [0x0000000773c00000,0x0000000773c00000,0x0000000774680000)
 ParOldGen       total 175104K, used 32K [0x00000006c1400000, 0x00000006cbf00000, 0x000000076b180000)
  object space 175104K, 0% used [0x00000006c1400000,0x00000006c1408000,0x00000006cbf00000)
 Metaspace       used 20558K, capacity 21186K, committed 21296K, reserved 1067008K
  class space    used 2745K, capacity 2893K, committed 2944K, reserved 1048576K
}
Event: 3.198 GC heap before
{Heap before GC invocations=4 (full 1):
 PSYoungGen      total 76288K, used 8767K [0x000000076b180000, 0x0000000774680000, 0x00000007c0000000)
  eden space 65536K, 0% used [0x000000076b180000,0x000000076b180000,0x000000076f180000)
  from space 10752K, 81% used [0x000000076f180000,0x000000076fa0fde8,0x000000076fc00000)
  to   space 10752K, 0% used [0x0000000773c00000,0x0000000773c00000,0x0000000774680000)
 ParOldGen       total 175104K, used 32K [0x00000006c1400000, 0x00000006cbf00000, 0x000000076b180000)
  object space 175104K, 0% used [0x00000006c1400000,0x00000006c1408000,0x00000006cbf00000)
 Metaspace       used 20558K, capacity 21186K, committed 21296K, reserved 1067008K
  class space    used 2745K, capacity 2893K, committed 2944K, reserved 1048576K
Event: 3.238 GC heap after
Heap after GC invocations=4 (full 1):
 PSYoungGen      total 76288K, used 0K [0x000000076b180000, 0x0000000774680000, 0x00000007c0000000)
  eden space 65536K, 0% used [0x000000076b180000,0x000000076b180000,0x000000076f180000)
  from space 10752K, 0% used [0x000000076f180000,0x000000076f180000,0x000000076fc00000)
  to   space 10752K, 0% used [0x0000000773c00000,0x0000000773c00000,0x0000000774680000)
 ParOldGen       total 103424K, used 8523K [0x00000006c1400000, 0x00000006c7900000, 0x000000076b180000)
  object space 103424K, 8% used [0x00000006c1400000,0x00000006c1c52d28,0x00000006c7900000)
 Metaspace       used 20558K, capacity 21186K, committed 21296K, reserved 1067008K
  class space    used 2745K, capacity 2893K, committed 2944K, reserved 1048576K
}
Event: 4.054 GC heap before
{Heap before GC invocations=5 (full 1):
 PSYoungGen      total 76288K, used 65536K [0x000000076b180000, 0x0000000774680000, 0x00000007c0000000)
  eden space 65536K, 100% used [0x000000076b180000,0x000000076f180000,0x000000076f180000)
  from space 10752K, 0% used [0x000000076f180000,0x000000076f180000,0x000000076fc00000)
  to   space 10752K, 0% used [0x0000000773c00000,0x0000000773c00000,0x0000000774680000)
 ParOldGen       total 103424K, used 8523K [0x00000006c1400000, 0x00000006c7900000, 0x000000076b180000)
  object space 103424K, 8% used [0x00000006c1400000,0x00000006c1c52d28,0x00000006c7900000)
 Metaspace       used 25448K, capacity 26216K, committed 26368K, reserved 1073152K
  class space    used 3335K, capacity 3534K, committed 3584K, reserved 1048576K
Event: 4.067 GC heap after
Heap after GC invocations=5 (full 1):
 PSYoungGen      total 108544K, used 6500K [0x000000076b180000, 0x0000000774280000, 0x00000007c0000000)
  eden space 101888K, 0% used [0x000000076b180000,0x000000076b180000,0x0000000771500000)
  from space 6656K, 97% used [0x0000000773c00000,0x0000000774259208,0x0000000774280000)
  to   space 10752K, 0% used [0x0000000772d80000,0x0000000772d80000,0x0000000773800000)
 ParOldGen       total 103424K, used 8531K [0x00000006c1400000, 0x00000006c7900000, 0x000000076b180000)
  object space 103424K, 8% used [0x00000006c1400000,0x00000006c1c54d28,0x00000006c7900000)
 Metaspace       used 25448K, capacity 26216K, committed 26368K, reserved 1073152K
  class space    used 3335K, capacity 3534K, committed 3584K, reserved 1048576K
}
Event: 5.489 GC heap before
{Heap before GC invocations=6 (full 1):
 PSYoungGen      total 108544K, used 108388K [0x000000076b180000, 0x0000000774280000, 0x00000007c0000000)
  eden space 101888K, 100% used [0x000000076b180000,0x0000000771500000,0x0000000771500000)
  from space 6656K, 97% used [0x0000000773c00000,0x0000000774259208,0x0000000774280000)
  to   space 10752K, 0% used [0x0000000772d80000,0x0000000772d80000,0x0000000773800000)
 ParOldGen       total 103424K, used 8531K [0x00000006c1400000, 0x00000006c7900000, 0x000000076b180000)
  object space 103424K, 8% used [0x00000006c1400000,0x00000006c1c54d28,0x00000006c7900000)
 Metaspace       used 31686K, capacity 32612K, committed 32896K, reserved 1077248K
  class space    used 4147K, capacity 4354K, committed 4480K, reserved 1048576K
Event: 5.511 GC heap after
Heap after GC invocations=6 (full 1):
 PSYoungGen      total 137728K, used 10730K [0x000000076b180000, 0x0000000776580000, 0x00000007c0000000)
  eden space 126976K, 0% used [0x000000076b180000,0x000000076b180000,0x0000000772d80000)
  from space 10752K, 99% used [0x0000000772d80000,0x00000007737fabe0,0x0000000773800000)
  to   space 12800K, 0% used [0x0000000775900000,0x0000000775900000,0x0000000776580000)
 ParOldGen       total 103424K, used 10942K [0x00000006c1400000, 0x00000006c7900000, 0x000000076b180000)
  object space 103424K, 10% used [0x00000006c1400000,0x00000006c1eaf818,0x00000006c7900000)
 Metaspace       used 31686K, capacity 32612K, committed 32896K, reserved 1077248K
  class space    used 4147K, capacity 4354K, committed 4480K, reserved 1048576K
}

